[INFO] Scanning for projects...
[INFO] 
[INFO] -------------< com.realfreelancer:realfreelancer-backend >--------------
[INFO] Building RealFreelancer Backend 1.0.0
[INFO]   from pom.xml
[INFO] --------------------------------[ jar ]---------------------------------
[INFO] 
[INFO] >>> spring-boot:3.2.0:run (default-cli) > test-compile @ realfreelancer-backend >>>
[INFO] 
[INFO] --- resources:3.3.1:resources (default-resources) @ realfreelancer-backend ---
[INFO] Copying 1 resource from src/main/resources to target/classes
[INFO] Copying 0 resource from src/main/resources to target/classes
[INFO] 
[INFO] --- compiler:3.11.0:compile (default-compile) @ realfreelancer-backend ---
[INFO] Nothing to compile - all classes are up to date
[INFO] 
[INFO] --- resources:3.3.1:testResources (default-testResources) @ realfreelancer-backend ---
[INFO] skip non existing resourceDirectory /Users/mac/Desktop/RealFreelancer/backend/src/test/resources
[INFO] 
[INFO] --- compiler:3.11.0:testCompile (default-testCompile) @ realfreelancer-backend ---
[INFO] No sources to compile
[INFO] 
[INFO] <<< spring-boot:3.2.0:run (default-cli) < test-compile @ realfreelancer-backend <<<
[INFO] 
[INFO] 
[INFO] --- spring-boot:3.2.0:run (default-cli) @ realfreelancer-backend ---
[INFO] Attaching agents: []

  .   ____          _            __ _ _
 /\\ / ___'_ __ _ _(_)_ __  __ _ \ \ \ \
( ( )\___ | '_ | '_| | '_ \/ _` | \ \ \ \
 \\/  ___)| |_)| | | | | || (_| |  ) ) ) )
  '  |____| .__|_| |_|_| |_\__, | / / / /
 =========|_|==============|___/=/_/_/_/
[32m :: Spring Boot :: [39m              [2m (v3.2.0)[0;39m

2025-07-01 12:32:47 - Starting RealFreelancerApplication using Java 23.0.2 with PID 21516 (/Users/mac/Desktop/RealFreelancer/backend/target/classes started by mac in /Users/mac/Desktop/RealFreelancer/backend)
2025-07-01 12:32:47 - Running with Spring Boot v3.2.0, Spring v6.1.1
2025-07-01 12:32:47 - No active profile set, falling back to 1 default profile: "default"
2025-07-01 12:32:49 - Bootstrapping Spring Data JPA repositories in DEFAULT mode.
2025-07-01 12:32:49 - Finished Spring Data repository scanning in 214 ms. Found 8 JPA repository interfaces.
2025-07-01 12:32:50 - Tomcat initialized with port 8080 (http)
2025-07-01 12:32:50 - Starting service [Tomcat]
2025-07-01 12:32:50 - Starting Servlet engine: [Apache Tomcat/10.1.16]
2025-07-01 12:32:51 - Initializing Spring embedded WebApplicationContext
2025-07-01 12:32:51 - Root WebApplicationContext: initialization completed in 2956 ms
2025-07-01 12:32:51 - HHH000204: Processing PersistenceUnitInfo [name: default]
2025-07-01 12:32:51 - HHH000412: Hibernate ORM core version 6.3.1.Final
2025-07-01 12:32:51 - HHH000026: Second-level cache disabled
2025-07-01 12:32:51 - No LoadTimeWeaver setup: ignoring JPA class transformer
2025-07-01 12:32:51 - HikariPool-1 - Starting...
2025-07-01 12:32:52 - HikariPool-1 - Added connection org.postgresql.jdbc.PgConnection@19dac2d6
2025-07-01 12:32:52 - HikariPool-1 - Start completed.
2025-07-01 12:32:52 - HHH90000025: PostgreSQLDialect does not need to be specified explicitly using 'hibernate.dialect' (remove the property setting and it will be selected by default)
2025-07-01 12:32:53 - HHH000489: No JTA platform available (set 'hibernate.transaction.jta.platform' to enable JTA platform integration)
2025-07-01 12:32:54 - Initialized JPA EntityManagerFactory for persistence unit 'default'
2025-07-01 12:32:54 - Hibernate is in classpath; If applicable, HQL parser will be used.
2025-07-01 12:32:54 - Filter 'jwtAuthenticationFilter' configured for use
2025-07-01 12:32:56 - spring.jpa.open-in-view is enabled by default. Therefore, database queries may be performed during view rendering. Explicitly configure spring.jpa.open-in-view to disable this warning
2025-07-01 12:32:56 - Will secure any request with [org.springframework.security.web.session.DisableEncodeUrlFilter@5b49003b, org.springframework.security.web.context.request.async.WebAsyncManagerIntegrationFilter@47afb11c, org.springframework.security.web.context.SecurityContextHolderFilter@f3bea57, org.springframework.security.web.header.HeaderWriterFilter@b6eea98, org.springframework.web.filter.CorsFilter@3191ba8b, org.springframework.security.web.authentication.logout.LogoutFilter@753b0607, com.realfreelancer.config.jwt.JwtAuthenticationFilter@3a89f2a0, org.springframework.security.web.savedrequest.RequestCacheAwareFilter@3956ae6e, org.springframework.security.web.servletapi.SecurityContextHolderAwareRequestFilter@39640f7b, org.springframework.security.web.authentication.AnonymousAuthenticationFilter@48505cf2, org.springframework.security.web.session.SessionManagementFilter@1b2d91f8, org.springframework.security.web.access.ExceptionTranslationFilter@eeb48a1, org.springframework.security.web.access.intercept.AuthorizationFilter@6d7e209e]
2025-07-01 12:32:56 - Tomcat started on port 8080 (http) with context path ''
2025-07-01 12:32:56 - Starting...
2025-07-01 12:32:56 - BrokerAvailabilityEvent[available=true, SimpleBrokerMessageHandler [org.springframework.messaging.simp.broker.DefaultSubscriptionRegistry@27257639]]
2025-07-01 12:32:56 - Started.
2025-07-01 12:32:56 - Started RealFreelancerApplication in 9.711 seconds (process running for 10.504)
2025-07-01 12:33:56 - WebSocketSession[0 current WS(0)-HttpStream(0)-HttpPoll(0), 0 total, 0 closed abnormally (0 connect failure, 0 send limit, 0 transport error)], stompSubProtocol[processed CONNECT(0)-CONNECTED(0)-DISCONNECT(0)], stompBrokerRelay[null], inboundChannel[pool size = 0, active threads = 0, queued tasks = 0, completed tasks = 0], outboundChannel[pool size = 0, active threads = 0, queued tasks = 0, completed tasks = 0], sockJsScheduler[pool size = 1, active threads = 1, queued tasks = 0, completed tasks = 0]
2025-07-01 12:37:17 - Initializing Spring DispatcherServlet 'dispatcherServlet'
2025-07-01 12:37:17 - Initializing Servlet 'dispatcherServlet'
2025-07-01 12:37:17 - Completed initialization in 45 ms
2025-07-01 12:37:17 - Securing GET /api/auth/profile
2025-07-01 12:37:18 - Cache miss for REQUEST dispatch to '/api/auth/profile' (previous null). Performing MatchableHandlerMapping lookup. This is logged once only at WARN level, and every time at TRACE.
2025-07-01 12:37:18 - Secured GET /api/auth/profile
2025-07-01 12:37:19 - Securing GET /api/auth/profile
2025-07-01 12:37:19 - Secured GET /api/auth/profile
2025-07-01 12:37:19 - Securing GET /api/auth/profile
2025-07-01 12:37:19 - Securing GET /api/auth/profile
2025-07-01 12:37:19 - Secured GET /api/auth/profile
2025-07-01 12:37:19 - Secured GET /api/auth/profile
2025-07-01 12:38:00 - Securing PUT /api/auth/profile
2025-07-01 12:38:00 - Secured PUT /api/auth/profile
2025-07-01 12:38:00 - Securing GET /api/auth/profile
2025-07-01 12:38:00 - Secured GET /api/auth/profile
2025-07-01 12:38:13 - Securing GET /api/projects
2025-07-01 12:38:13 - Secured GET /api/projects
2025-07-01 12:38:13 - Securing GET /api/projects
2025-07-01 12:38:13 - Secured GET /api/projects
2025-07-01 12:38:21 - Securing GET /api/auth/profile
2025-07-01 12:38:21 - Securing GET /api/auth/profile
2025-07-01 12:38:21 - Secured GET /api/auth/profile
2025-07-01 12:38:21 - Secured GET /api/auth/profile
2025-07-01 12:53:53 - Securing GET /api/auth/profile
2025-07-01 12:53:53 - Secured GET /api/auth/profile
2025-07-01 12:53:54 - Securing GET /api/auth/profile
2025-07-01 12:53:54 - Secured GET /api/auth/profile
2025-07-01 12:59:27 - Securing GET /api/auth/profile
2025-07-01 12:59:27 - Secured GET /api/auth/profile
2025-07-01 12:59:27 - Securing GET /api/auth/profile
2025-07-01 12:59:27 - Secured GET /api/auth/profile
2025-07-01 12:59:41 - Securing POST /api/auth/login
2025-07-01 12:59:41 - Set SecurityContextHolder to anonymous SecurityContext
2025-07-01 12:59:41 - Secured POST /api/auth/login
2025-07-01 12:59:41 - Authenticating user with email: test123@gmail.com
2025-07-01 12:59:41 - Authenticated user
2025-07-01 12:59:41 - Securing GET /api/auth/profile
2025-07-01 12:59:41 - Secured GET /api/auth/profile
2025-07-01 12:59:43 - Securing OPTIONS /api/dashboard/user
2025-07-01 12:59:43 - Securing GET /api/dashboard/user
2025-07-01 12:59:43 - Secured GET /api/dashboard/user
2025-07-01 12:59:43 - Securing GET /api/dashboard/user
2025-07-01 12:59:43 - Secured GET /api/dashboard/user
2025-07-01 12:59:46 - Securing GET /api/auth/profile
2025-07-01 12:59:46 - Securing GET /api/auth/profile
2025-07-01 12:59:46 - Secured GET /api/auth/profile
2025-07-01 12:59:47 - Secured GET /api/auth/profile
2025-07-01 12:59:54 - Securing PUT /api/auth/profile
2025-07-01 12:59:54 - Secured PUT /api/auth/profile
2025-07-01 12:59:54 - Securing GET /api/auth/profile
2025-07-01 12:59:54 - Secured GET /api/auth/profile
2025-07-01 12:59:54 - Securing GET /api/auth/profile
2025-07-01 12:59:54 - Secured GET /api/auth/profile
2025-07-01 13:03:57 - WebSocketSession[0 current WS(0)-HttpStream(0)-HttpPoll(0), 0 total, 0 closed abnormally (0 connect failure, 0 send limit, 0 transport error)], stompSubProtocol[processed CONNECT(0)-CONNECTED(0)-DISCONNECT(0)], stompBrokerRelay[null], inboundChannel[pool size = 0, active threads = 0, queued tasks = 0, completed tasks = 0], outboundChannel[pool size = 0, active threads = 0, queued tasks = 0, completed tasks = 0], sockJsScheduler[pool size = 2, active threads = 1, queued tasks = 0, completed tasks = 1]
2025-07-01 13:04:31 - Securing OPTIONS /api/projects
2025-07-01 13:04:31 - Securing GET /api/projects
2025-07-01 13:04:32 - Secured GET /api/projects
2025-07-01 13:04:32 - Securing GET /api/projects
2025-07-01 13:04:32 - Secured GET /api/projects
2025-07-01 13:04:34 - Securing OPTIONS /api/projects/7
2025-07-01 13:04:34 - Securing GET /api/projects/7
2025-07-01 13:04:34 - Secured GET /api/projects/7
2025-07-01 13:04:34 - Securing GET /api/projects/7
2025-07-01 13:04:35 - Secured GET /api/projects/7
2025-07-01 13:04:39 - Securing GET /api/auth/profile
2025-07-01 13:04:39 - Secured GET /api/auth/profile
2025-07-01 13:04:39 - Securing GET /api/auth/profile
2025-07-01 13:04:39 - Secured GET /api/auth/profile
2025-07-01 13:05:05 - Securing GET /api/auth/profile
2025-07-01 13:05:05 - Securing GET /api/projects/7
2025-07-01 13:05:05 - Securing GET /api/projects/7
2025-07-01 13:05:05 - Securing GET /api/auth/profile
2025-07-01 13:05:05 - Securing GET /api/projects/7
2025-07-01 13:05:05 - Secured GET /api/projects/7
2025-07-01 13:05:05 - Secured GET /api/auth/profile
2025-07-01 13:05:05 - Secured GET /api/projects/7
2025-07-01 13:05:05 - Secured GET /api/projects/7
2025-07-01 13:05:05 - Secured GET /api/auth/profile
2025-07-01 13:05:06 - Securing GET /api/projects/7
2025-07-01 13:05:06 - Secured GET /api/projects/7
